# JRE version: OpenJDK Runtime Environment Temurin-21.0.10+7 (21.0.10+7) (build 21.0.10+7-LTS)
# Java VM: OpenJDK 64-Bit Server VM Temurin-21.0.10+7 (21.0.10+7-LTS, mixed mode, sharing, tiered, compressed oops, compressed class ptrs, g1 gc, windows-amd64)
GC Precious Log:
 CardTable entry size: 512
 Card Set container configuration: InlinePtr #cards 5 size 8 Array Of Cards #cards 12 size 40 Howl #buckets 4 coarsen threshold 1843 Howl Bitmap #cards 512 size 80 coarsen threshold 460 Card regions per heap region 1 cards per card region 2048
 CPUs: 8 total, 8 available
 Memory: 16167M
 Large Page Support: Disabled
 NUMA Support: Disabled
 Compressed Oops: Enabled (32-bit)
 Heap Region Size: 1M
 Heap Min Capacity: 256M
 Heap Initial Capacity: 256M
 Heap Max Capacity: 512M
 Pre-touch: Disabled
 Parallel Workers: 8
 Concurrent Workers: 2
 Concurrent Refinement Workers: 8
 Periodic GC: Disabled
Heap:
 garbage-first heap   total 262144K, used 97221K [0x00000000e0000000, 0x0000000100000000)
  region size 1024K, 42 young (43008K), 8 survivors (8192K)
 Metaspace       used 71729K, committed 73984K, reserved 393216K
  class space    used 10475K, committed 11584K, reserved 327680K
GC Heap History (16 events):
Event: 0.694 GC heap before
{Heap before GC invocations=0 (full 0):
 garbage-first heap   total 262144K, used 22528K [0x00000000e0000000, 0x0000000100000000)
  region size 1024K, 23 young (23552K), 0 survivors (0K)
 Metaspace       used 875K, committed 1024K, reserved 393216K
  class space    used 70K, committed 128K, reserved 327680K
}
Event: 0.711 GC heap after
{Heap after GC invocations=1 (full 0):
 garbage-first heap   total 262144K, used 1493K [0x00000000e0000000, 0x0000000100000000)
  region size 1024K, 2 young (2048K), 2 survivors (2048K)
 Metaspace       used 875K, committed 1024K, reserved 393216K
  class space    used 70K, committed 128K, reserved 327680K
}
Event: 1.887 GC heap before
{Heap before GC invocations=1 (full 0):
 garbage-first heap   total 262144K, used 42453K [0x00000000e0000000, 0x0000000100000000)
  region size 1024K, 38 young (38912K), 2 survivors (2048K)
 Metaspace       used 4549K, committed 4800K, reserved 393216K
  class space    used 582K, committed 704K, reserved 327680K
}
Event: 1.893 GC heap after
{Heap after GC invocations=2 (full 0):
 garbage-first heap   total 262144K, used 11594K [0x00000000e0000000, 0x0000000100000000)
  region size 1024K, 5 young (5120K), 5 survivors (5120K)
 Metaspace       used 4549K, committed 4800K, reserved 393216K
  class space    used 582K, committed 704K, reserved 327680K
}
Event: 3.487 GC heap before
{Heap before GC invocations=2 (full 0):
 garbage-first heap   total 262144K, used 75082K [0x00000000e0000000, 0x0000000100000000)
  region size 1024K, 66 young (67584K), 5 survivors (5120K)
 Metaspace       used 8732K, committed 9088K, reserved 393216K
  class space    used 1176K, committed 1344K, reserved 327680K
}
Event: 3.496 GC heap after
{Heap after GC invocations=3 (full 0):
 garbage-first heap   total 262144K, used 19141K [0x00000000e0000000, 0x0000000100000000)
  region size 1024K, 9 young (9216K), 9 survivors (9216K)
 Metaspace       used 8732K, committed 9088K, reserved 393216K
  class space    used 1176K, committed 1344K, reserved 327680K
}
Event: 5.902 GC heap before
{Heap before GC invocations=3 (full 0):
 garbage-first heap   total 262144K, used 92869K [0x00000000e0000000, 0x0000000100000000)
  region size 1024K, 81 young (82944K), 9 survivors (9216K)
 Metaspace       used 20838K, committed 21504K, reserved 393216K
  class space    used 2883K, committed 3200K, reserved 327680K
}
Event: 5.910 GC heap after
{Heap after GC invocations=4 (full 0):
 garbage-first heap   total 262144K, used 24261K [0x00000000e0000000, 0x0000000100000000)
  region size 1024K, 14 young (14336K), 14 survivors (14336K)
 Metaspace       used 20838K, committed 21504K, reserved 393216K
  class space    used 2883K, committed 3200K, reserved 327680K
}
Event: 9.170 GC heap before
{Heap before GC invocations=5 (full 0):
 garbage-first heap   total 262144K, used 128709K [0x00000000e0000000, 0x0000000100000000)
  region size 1024K, 118 young (120832K), 14 survivors (14336K)
 Metaspace       used 34600K, committed 35968K, reserved 393216K
  class space    used 5055K, committed 5760K, reserved 327680K
}
Event: 9.183 GC heap after
{Heap after GC invocations=6 (full 0):
 garbage-first heap   total 262144K, used 31562K [0x00000000e0000000, 0x0000000100000000)
  region size 1024K, 17 young (17408K), 17 survivors (17408K)
 Metaspace       used 34600K, committed 35968K, reserved 393216K
  class space    used 5055K, committed 5760K, reserved 327680K
}
Event: 13.331 GC heap before
{Heap before GC invocations=7 (full 0):
 garbage-first heap   total 262144K, used 170826K [0x00000000e0000000, 0x0000000100000000)
  region size 1024K, 153 young (156672K), 17 survivors (17408K)
 Metaspace       used 48288K, committed 50048K, reserved 393216K
  class space    used 7130K, committed 7936K, reserved 327680K
}
Event: 13.346 GC heap after
{Heap after GC invocations=8 (full 0):
 garbage-first heap   total 262144K, used 39103K [0x00000000e0000000, 0x0000000100000000)
  region size 1024K, 15 young (15360K), 15 survivors (15360K)
 Metaspace       used 48288K, committed 50048K, reserved 393216K
  class space    used 7130K, committed 7936K, reserved 327680K
}
Event: 28.133 GC heap before
{Heap before GC invocations=8 (full 0):
 garbage-first heap   total 262144K, used 176319K [0x00000000e0000000, 0x0000000100000000)
  region size 1024K, 145 young (148480K), 15 survivors (15360K)
 Metaspace       used 58172K, committed 60160K, reserved 393216K
  class space    used 8522K, committed 9472K, reserved 327680K
}
Event: 28.149 GC heap after
{Heap after GC invocations=9 (full 0):
 garbage-first heap   total 262144K, used 56457K [0x00000000e0000000, 0x0000000100000000)
  region size 1024K, 20 young (20480K), 20 survivors (20480K)
 Metaspace       used 58172K, committed 60160K, reserved 393216K
  class space    used 8522K, committed 9472K, reserved 327680K
}
Event: 32.396 GC heap before
{Heap before GC invocations=10 (full 0):
 garbage-first heap   total 262144K, used 192649K [0x00000000e0000000, 0x0000000100000000)
  region size 1024K, 153 young (156672K), 20 survivors (20480K)
 Metaspace       used 69716K, committed 71872K, reserved 393216K
  class space    used 10217K, committed 11264K, reserved 327680K
}
Event: 32.413 GC heap after
{Heap after GC invocations=11 (full 0):
 garbage-first heap   total 262144K, used 63429K [0x00000000e0000000, 0x0000000100000000)
  region size 1024K, 8 young (8192K), 8 survivors (8192K)
 Metaspace       used 69716K, committed 71872K, reserved 393216K
  class space    used 10217K, committed 11264K, reserved 327680K
}

